Determining if the pthread_create exist failed with the following output:
Change Dir: /home/ranhao/ros_ws/src/cps_vision/cmake-build-debug/CMakeFiles/CMakeTmp

Run Build Command:"/usr/bin/make" "cmTC_734a4/fast"
/usr/bin/make -f CMakeFiles/cmTC_734a4.dir/build.make CMakeFiles/cmTC_734a4.dir/build
make[1]: Entering directory '/home/ranhao/ros_ws/src/cps_vision/cmake-build-debug/CMakeFiles/CMakeTmp'
Building C object CMakeFiles/cmTC_734a4.dir/CheckSymbolExists.c.o
/usr/bin/cc    -o CMakeFiles/cmTC_734a4.dir/CheckSymbolExists.c.o   -c /home/ranhao/ros_ws/src/cps_vision/cmake-build-debug/CMakeFiles/CMakeTmp/CheckSymbolExists.c
Linking C executable cmTC_734a4
/home/ranhao/Documents/clion-2017.2.1/bin/cmake/bin/cmake -E cmake_link_script CMakeFiles/cmTC_734a4.dir/link.txt --verbose=1
/usr/bin/cc      -rdynamic CMakeFiles/cmTC_734a4.dir/CheckSymbolExists.c.o  -o cmTC_734a4 
CMakeFiles/cmTC_734a4.dir/CheckSymbolExists.c.o: In function `main':
CheckSymbolExists.c:(.text+0x16): undefined reference to `pthread_create'
collect2: error: ld returned 1 exit status
CMakeFiles/cmTC_734a4.dir/build.make:97: recipe for target 'cmTC_734a4' failed
make[1]: *** [cmTC_734a4] Error 1
make[1]: Leaving directory '/home/ranhao/ros_ws/src/cps_vision/cmake-build-debug/CMakeFiles/CMakeTmp'
Makefile:126: recipe for target 'cmTC_734a4/fast' failed
make: *** [cmTC_734a4/fast] Error 2

File /home/ranhao/ros_ws/src/cps_vision/cmake-build-debug/CMakeFiles/CMakeTmp/CheckSymbolExists.c:
/* */
#include <pthread.h>

int main(int argc, char** argv)
{
  (void)argv;
#ifndef pthread_create
  return ((int*)(&pthread_create))[argc];
#else
  (void)argc;
  return 0;
#endif
}

Determining if the function pthread_create exists in the pthreads failed with the following output:
Change Dir: /home/ranhao/ros_ws/src/cps_vision/cmake-build-debug/CMakeFiles/CMakeTmp

Run Build Command:"/usr/bin/make" "cmTC_92d09/fast"
/usr/bin/make -f CMakeFiles/cmTC_92d09.dir/build.make CMakeFiles/cmTC_92d09.dir/build
make[1]: Entering directory '/home/ranhao/ros_ws/src/cps_vision/cmake-build-debug/CMakeFiles/CMakeTmp'
Building C object CMakeFiles/cmTC_92d09.dir/CheckFunctionExists.c.o
/usr/bin/cc   -DCHECK_FUNCTION_EXISTS=pthread_create   -o CMakeFiles/cmTC_92d09.dir/CheckFunctionExists.c.o   -c /home/ranhao/Documents/clion-2017.2.1/bin/cmake/share/cmake-3.8/Modules/CheckFunctionExists.c
Linking C executable cmTC_92d09
/home/ranhao/Documents/clion-2017.2.1/bin/cmake/bin/cmake -E cmake_link_script CMakeFiles/cmTC_92d09.dir/link.txt --verbose=1
/usr/bin/cc  -DCHECK_FUNCTION_EXISTS=pthread_create    -rdynamic CMakeFiles/cmTC_92d09.dir/CheckFunctionExists.c.o  -o cmTC_92d09 -lpthreads 
/usr/bin/ld: cannot find -lpthreads
collect2: error: ld returned 1 exit status
CMakeFiles/cmTC_92d09.dir/build.make:97: recipe for target 'cmTC_92d09' failed
make[1]: *** [cmTC_92d09] Error 1
make[1]: Leaving directory '/home/ranhao/ros_ws/src/cps_vision/cmake-build-debug/CMakeFiles/CMakeTmp'
Makefile:126: recipe for target 'cmTC_92d09/fast' failed
make: *** [cmTC_92d09/fast] Error 2


